<?xml version="1.0" encoding="UTF-8"?>
<!-- Generated by org.testng.reporters.JUnitReportReporter -->
<testsuite hostname="LAPTOP-84AAFFGG" failures="0" tests="1" name="Parameters.HeaderParams" time="3.768" errors="0" timestamp="2022-12-31T16:38:03 IST" skipped="0">
  <testcase classname="Parameters.HeaderParams" name="header" time="3.768"/>
  <system-out/>
</testsuite> <!-- Parameters.HeaderParams -->
