<?xml version="1.0" encoding="UTF-8"?>
<!-- Generated by org.testng.reporters.JUnitReportReporter -->
<testsuite hostname="LAPTOP-84AAFFGG" failures="0" tests="1" name="SerializationAndDeserialization.MarshalingOfEmpArray" time="0.739" errors="0" timestamp="2022-12-26T15:49:20 IST" skipped="0">
  <testcase classname="SerializationAndDeserialization.MarshalingOfEmpArray" name="empArray" time="0.739"/>
  <system-out/>
</testsuite> <!-- SerializationAndDeserialization.MarshalingOfEmpArray -->
