<?xml version="1.0" encoding="UTF-8"?>
<!-- Generated by org.testng.reporters.JUnitReportReporter -->
<testsuite hostname="LAPTOP-84AAFFGG" failures="0" tests="1" name="SerializationAndDeserialization.UnmarshallingOfEmpDetailsArray" time="0.644" errors="0" timestamp="2022-12-26T17:43:28 IST" skipped="0">
  <testcase classname="SerializationAndDeserialization.UnmarshallingOfEmpDetailsArray" name="deserializationOfEmpArray" time="0.644"/>
  <system-out/>
</testsuite> <!-- SerializationAndDeserialization.UnmarshallingOfEmpDetailsArray -->
