<?xml version="1.0" encoding="UTF-8"?>
<!-- Generated by org.testng.reporters.JUnitReportReporter -->
<testsuite hostname="LAPTOP-84AAFFGG" failures="0" tests="1" name="CRUDOperationsUsingBDD.PostOperation" time="2.939" errors="0" timestamp="2022-12-28T14:50:48 IST" skipped="0">
  <testcase classname="CRUDOperationsUsingBDD.PostOperation" name="postMethod" time="2.939"/>
  <system-out/>
</testsuite> <!-- CRUDOperationsUsingBDD.PostOperation -->
