<?xml version="1.0" encoding="UTF-8"?>
<!-- Generated by org.testng.reporters.JUnitReportReporter -->
<testsuite hostname="LAPTOP-84AAFFGG" failures="0" tests="1" name="CRUDOpertionsUsingBaseClass.GetOperation" time="2.613" errors="0" timestamp="2023-01-04T17:21:15 IST" skipped="0">
  <testcase classname="CRUDOpertionsUsingBaseClass.GetOperation" name="getMethod" time="2.613"/>
  <system-out/>
</testsuite> <!-- CRUDOpertionsUsingBaseClass.GetOperation -->
