<?xml version="1.0" encoding="UTF-8"?>
<!-- Generated by org.testng.reporters.JUnitReportReporter -->
<testsuite hostname="LAPTOP-84AAFFGG" failures="0" tests="1" name="differentWaysPostData.UsingJsonFile" time="5.810" errors="0" timestamp="2022-12-29T11:31:22 IST" skipped="0">
  <testcase classname="differentWaysPostData.UsingJsonFile" name="jsonFile" time="5.810"/>
  <system-out/>
</testsuite> <!-- differentWaysPostData.UsingJsonFile -->
