<?xml version="1.0" encoding="UTF-8"?>
<!-- Generated by org.testng.reporters.JUnitReportReporter -->
<testsuite hostname="LAPTOP-84AAFFGG" failures="0" tests="1" name="CRUDOperationsUsingBDD.AssertionWithContainsMethod" time="4.076" errors="0" timestamp="2022-12-28T16:12:29 IST" skipped="0">
  <testcase classname="CRUDOperationsUsingBDD.AssertionWithContainsMethod" name="postMethod" time="4.076"/>
  <system-out/>
</testsuite> <!-- CRUDOperationsUsingBDD.AssertionWithContainsMethod -->
