<?xml version="1.0" encoding="UTF-8"?>
<!-- Generated by org.testng.reporters.JUnitReportReporter -->
<testsuite hostname="LAPTOP-84AAFFGG" failures="0" tests="1" name="authentication.Basic" time="3.330" errors="0" timestamp="2022-12-30T12:00:00 IST" skipped="0">
  <testcase classname="authentication.Basic" name="basicAuth" time="3.330"/>
  <system-out/>
</testsuite> <!-- authentication.Basic -->
