<?xml version="1.0" encoding="UTF-8"?>
<!-- Generated by org.testng.reporters.JUnitReportReporter -->
<testsuite hostname="LAPTOP-84AAFFGG" failures="0" tests="3" name="CRUDOperationsUsingBDD.WriteResponseIntoFile" time="3.845" errors="0" timestamp="2023-01-03T15:10:01 IST" skipped="0">
  <testcase classname="CRUDOperationsUsingBDD.WriteResponseIntoFile" name="directBytes" time="3.602"/>
  <system-out/>
  <testcase classname="CRUDOperationsUsingBDD.WriteResponseIntoFile" name="usingAsString" time="0.142"/>
  <system-out/>
  <testcase classname="CRUDOperationsUsingBDD.WriteResponseIntoFile" name="usingInputStream" time="0.101"/>
  <system-out/>
</testsuite> <!-- CRUDOperationsUsingBDD.WriteResponseIntoFile -->
