<?xml version="1.0" encoding="UTF-8"?>
<!-- Generated by org.testng.reporters.JUnitReportReporter -->
<testsuite hostname="LAPTOP-84AAFFGG" failures="0" tests="2" name="differentWaysPostData.UsingExcel" time="4.008" errors="0" timestamp="2022-12-29T15:53:15 IST" skipped="0">
  <testcase classname="differentWaysPostData.UsingExcel" name="excelDataTest" time="3.685"/>
  <system-out/>
  <testcase classname="differentWaysPostData.UsingExcel" name="excelDataTest" time="0.323"/>
  <system-out/>
</testsuite> <!-- differentWaysPostData.UsingExcel -->
