<?xml version="1.0" encoding="UTF-8"?>
<!-- Generated by org.testng.reporters.JUnitReportReporter -->
<testsuite hostname="LAPTOP-84AAFFGG" failures="0" tests="1" name="authentication.Auth02CoopChicken" time="11.434" errors="0" timestamp="2023-01-02T20:49:15 IST" skipped="0">
  <testcase classname="authentication.Auth02CoopChicken" name="auth2" time="11.434"/>
  <system-out/>
</testsuite> <!-- authentication.Auth02CoopChicken -->
