<?xml version="1.0" encoding="UTF-8"?>
<!-- Generated by org.testng.reporters.JUnitReportReporter -->
<testsuite hostname="LAPTOP-84AAFFGG" failures="0" tests="1" name="CRUDOperationsUsingBDD.getMethod" time="5.635" errors="0" timestamp="2022-12-27T17:51:02 IST" skipped="0">
  <testcase classname="CRUDOperationsUsingBDD.getMethod" name="get" time="5.635"/>
  <system-out/>
</testsuite> <!-- CRUDOperationsUsingBDD.getMethod -->
