<?xml version="1.0" encoding="UTF-8"?>
<!-- Generated by org.testng.reporters.JUnitReportReporter -->
<testsuite hostname="LAPTOP-84AAFFGG" failures="0" tests="1" name="SerializationAndDeserialization.MarshalingOfEmpDetails" time="0.475" errors="0" timestamp="2022-12-26T15:29:24 IST" skipped="0">
  <testcase classname="SerializationAndDeserialization.MarshalingOfEmpDetails" name="serializationOfEmpDetails" time="0.475"/>
  <system-out/>
</testsuite> <!-- SerializationAndDeserialization.MarshalingOfEmpDetails -->
