<?xml version="1.0" encoding="UTF-8"?>
<!-- Generated by org.testng.reporters.JUnitReportReporter -->
<testsuite hostname="LAPTOP-84AAFFGG" failures="0" tests="1" name="authentication.DigestiveBasic" time="3.420" errors="0" timestamp="2023-01-02T16:05:55 IST" skipped="0">
  <testcase classname="authentication.DigestiveBasic" name="digestive" time="3.420"/>
  <system-out/>
</testsuite> <!-- authentication.DigestiveBasic -->
