<?xml version="1.0" encoding="UTF-8"?>
<!-- Generated by org.testng.reporters.JUnitReportReporter -->
<testsuite hostname="LAPTOP-84AAFFGG" failures="0" tests="1" name="authentication.BearerToken" time="7.379" errors="0" timestamp="2023-01-02T16:25:31 IST" skipped="0">
  <testcase classname="authentication.BearerToken" name="token" time="7.379"/>
  <system-out/>
</testsuite> <!-- authentication.BearerToken -->
