<?xml version="1.0" encoding="UTF-8"?>
<!-- Generated by org.testng.reporters.JUnitReportReporter -->
<testsuite hostname="LAPTOP-84AAFFGG" failures="0" tests="1" name="Validation.DynamicResponseValidation" time="5.106" errors="0" timestamp="2022-12-29T21:58:25 IST" skipped="0">
  <testcase classname="Validation.DynamicResponseValidation" name="dynamicValidation" time="5.106"/>
  <system-out/>
</testsuite> <!-- Validation.DynamicResponseValidation -->
