<?xml version="1.0" encoding="UTF-8"?>
<!-- Generated by org.testng.reporters.JUnitReportReporter -->
<testsuite hostname="LAPTOP-84AAFFGG" failures="0" tests="1" name="CRUDOperationsUsingBDD.PostMethod" time="7.299" errors="0" timestamp="2022-12-28T12:50:30 IST" skipped="0">
  <testcase classname="CRUDOperationsUsingBDD.PostMethod" name="postMethod" time="7.299"/>
  <system-out/>
</testsuite> <!-- CRUDOperationsUsingBDD.PostMethod -->
