<?xml version="1.0" encoding="UTF-8"?>
<!-- Generated by org.testng.reporters.JUnitReportReporter -->
<testsuite hostname="LAPTOP-84AAFFGG" failures="0" tests="1" name="Validation.StaticResponseBodyValidation" time="5.546" errors="0" timestamp="2023-01-02T12:04:58 IST" skipped="0">
  <testcase classname="Validation.StaticResponseBodyValidation" name="assertion" time="5.546"/>
  <system-out/>
</testsuite> <!-- Validation.StaticResponseBodyValidation -->
