<?xml version="1.0" encoding="UTF-8"?>
<!-- Generated by org.testng.reporters.JUnitReportReporter -->
<testsuite hostname="LAPTOP-84AAFFGG" failures="0" tests="1" name="CRUDOperationWithoutBDD.AddProject02" time="6.439" errors="0" timestamp="2022-12-27T13:00:12 IST" skipped="0">
  <testcase classname="CRUDOperationWithoutBDD.AddProject02" name="post" time="6.439"/>
  <system-out/>
</testsuite> <!-- CRUDOperationWithoutBDD.AddProject02 -->
