<?xml version="1.0" encoding="UTF-8"?>
<!-- Generated by org.testng.reporters.JUnitReportReporter -->
<testsuite hostname="LAPTOP-84AAFFGG" failures="0" tests="1" name="CRUDOpertionsUsingBaseClass.GetSingleProject" time="2.626" errors="0" timestamp="2023-01-04T17:26:55 IST" skipped="0">
  <testcase classname="CRUDOpertionsUsingBaseClass.GetSingleProject" name="single" time="2.626"/>
  <system-out/>
</testsuite> <!-- CRUDOpertionsUsingBaseClass.GetSingleProject -->
