<?xml version="1.0" encoding="UTF-8"?>
<!-- Generated by org.testng.reporters.JUnitReportReporter -->
<testsuite hostname="LAPTOP-84AAFFGG" failures="0" tests="2" name="differentWaysPostData.UsingDataProvider" time="4.114" errors="0" timestamp="2022-12-29T13:19:28 IST" skipped="0">
  <testcase classname="differentWaysPostData.UsingDataProvider" name="addProject" time="3.911"/>
  <system-out/>
  <testcase classname="differentWaysPostData.UsingDataProvider" name="addProject" time="0.203"/>
  <system-out/>
</testsuite> <!-- differentWaysPostData.UsingDataProvider -->
