<?xml version="1.0" encoding="UTF-8"?>
<!-- Generated by org.testng.reporters.JUnitReportReporter -->
<testsuite hostname="LAPTOP-84AAFFGG" failures="0" tests="1" name="CRUDOpertionsUsingBaseClass.PostDataUsingBaseClass" time="3.613" errors="0" timestamp="2023-01-04T13:20:40 IST" skipped="0">
  <testcase classname="CRUDOpertionsUsingBaseClass.PostDataUsingBaseClass" name="postmethod" time="3.613"/>
  <system-out/>
</testsuite> <!-- CRUDOpertionsUsingBaseClass.PostDataUsingBaseClass -->
