<?xml version="1.0" encoding="UTF-8"?>
<!-- Generated by org.testng.reporters.JUnitReportReporter -->
<testsuite hostname="LAPTOP-84AAFFGG" failures="0" tests="1" name="CRUDOperationsUsingBDD.FileUpload" time="12.780" errors="0" timestamp="2023-01-04T11:09:05 IST" skipped="0">
  <testcase classname="CRUDOperationsUsingBDD.FileUpload" name="petImage" time="12.780"/>
  <system-out/>
</testsuite> <!-- CRUDOperationsUsingBDD.FileUpload -->
