<?xml version="1.0" encoding="UTF-8"?>
<!-- Generated by org.testng.reporters.JUnitReportReporter -->
<testsuite hostname="LAPTOP-84AAFFGG" failures="0" tests="1" name="SerializationAndDeserialization.UnmarshallingOfEmpObject" time="0.531" errors="0" timestamp="2022-12-27T12:38:34 IST" skipped="0">
  <testcase classname="SerializationAndDeserialization.UnmarshallingOfEmpObject" name="deserializationOfObject" time="0.531"/>
  <system-out/>
</testsuite> <!-- SerializationAndDeserialization.UnmarshallingOfEmpObject -->
