<?xml version="1.0" encoding="UTF-8"?>
<!-- Generated by org.testng.reporters.JUnitReportReporter -->
<testsuite hostname="LAPTOP-84AAFFGG" failures="0" tests="1" name="Validation.ResponseHeaderValidationGetMethod" time="4.151" errors="0" timestamp="2022-12-29T21:05:41 IST" skipped="0">
  <testcase classname="Validation.ResponseHeaderValidationGetMethod" name="validation" time="4.151"/>
  <system-out/>
</testsuite> <!-- Validation.ResponseHeaderValidationGetMethod -->
