<?xml version="1.0" encoding="UTF-8"?>
<!-- Generated by org.testng.reporters.JUnitReportReporter -->
<testsuite hostname="LAPTOP-84AAFFGG" failures="0" tests="1" name="SerializationAndDeserialization.UnmarshallingOfEmpDetails" time="0.612" errors="0" timestamp="2022-12-26T17:29:10 IST" skipped="0">
  <testcase classname="SerializationAndDeserialization.UnmarshallingOfEmpDetails" name="deserializationOfEmpDetails" time="0.612"/>
  <system-out/>
</testsuite> <!-- SerializationAndDeserialization.UnmarshallingOfEmpDetails -->
