<?xml version="1.0" encoding="UTF-8"?>
<!-- Generated by org.testng.reporters.JUnitReportReporter -->
<testsuite hostname="LAPTOP-84AAFFGG" failures="0" tests="1" name="CRUDOperationWithoutBDD.GetSingleProject" time="6.781" errors="0" timestamp="2022-12-27T15:26:06 IST" skipped="0">
  <testcase classname="CRUDOperationWithoutBDD.GetSingleProject" name="singleProject" time="6.781"/>
  <system-out/>
</testsuite> <!-- CRUDOperationWithoutBDD.GetSingleProject -->
