<?xml version="1.0" encoding="UTF-8"?>
<!-- Generated by org.testng.reporters.JUnitReportReporter -->
<testsuite hostname="LAPTOP-84AAFFGG" failures="0" tests="1" name="SerializationAndDeserialization.MarshalingEmpObject" time="0.699" errors="0" timestamp="2022-12-26T16:17:43 IST" skipped="0">
  <testcase classname="SerializationAndDeserialization.MarshalingEmpObject" name="empObject" time="0.699"/>
  <system-out/>
</testsuite> <!-- SerializationAndDeserialization.MarshalingEmpObject -->
