<?xml version="1.0" encoding="UTF-8"?>
<!-- Generated by org.testng.reporters.JUnitReportReporter -->
<testsuite hostname="LAPTOP-84AAFFGG" failures="0" tests="1" name="CRUDOperationsUsingBDD.GetFromReqres" time="8.999" errors="0" timestamp="2022-12-28T17:49:59 IST" skipped="0">
  <testcase classname="CRUDOperationsUsingBDD.GetFromReqres" name="getMethod" time="8.999"/>
  <system-out/>
</testsuite> <!-- CRUDOperationsUsingBDD.GetFromReqres -->
