<?xml version="1.0" encoding="UTF-8"?>
<!-- Generated by org.testng.reporters.JUnitReportReporter -->
<testsuite hostname="LAPTOP-84AAFFGG" failures="0" tests="1" name="CRUDOperationWithoutBDD.GetAllProjects" time="4.877" errors="0" timestamp="2022-12-27T13:09:50 IST" skipped="0">
  <testcase classname="CRUDOperationWithoutBDD.GetAllProjects" name="getProjects" time="4.877"/>
  <system-out/>
</testsuite> <!-- CRUDOperationWithoutBDD.GetAllProjects -->
