<?xml version="1.0" encoding="UTF-8"?>
<!-- Generated by org.testng.reporters.JUnitReportReporter -->
<testsuite hostname="LAPTOP-84AAFFGG" failures="0" tests="1" name="authentication.PreemptiveBasic" time="3.495" errors="0" timestamp="2023-01-03T17:37:49 IST" skipped="0">
  <testcase classname="authentication.PreemptiveBasic" name="preemptive" time="3.495"/>
  <system-out/>
</testsuite> <!-- authentication.PreemptiveBasic -->
