<?xml version="1.0" encoding="UTF-8"?>
<!-- Generated by org.testng.reporters.JUnitReportReporter -->
<testsuite hostname="LAPTOP-84AAFFGG" failures="0" tests="1" name="differentWaysPostData.UsingPojoClass" time="3.463" errors="0" timestamp="2022-12-29T12:44:06 IST" skipped="0">
  <testcase classname="differentWaysPostData.UsingPojoClass" name="pojoClass" time="3.463"/>
  <system-out/>
</testsuite> <!-- differentWaysPostData.UsingPojoClass -->
