<?xml version="1.0" encoding="UTF-8"?>
<!-- Generated by org.testng.reporters.JUnitReportReporter -->
<testsuite hostname="LAPTOP-84AAFFGG" failures="0" tests="1" name="Validation.ResponseHeaderValidation" time="4.156" errors="0" timestamp="2022-12-29T16:56:29 IST" skipped="0">
  <testcase classname="Validation.ResponseHeaderValidation" name="headerAssertion" time="4.156"/>
  <system-out/>
</testsuite> <!-- Validation.ResponseHeaderValidation -->
